<?xml version="1.0" encoding="UTF-8"?>
<testsuite name="com.example.calculator.StringCalculatorTest" tests="1" skipped="0" failures="0" errors="0" timestamp="2022-08-28T15:48:24" hostname="DESKTOP-PVN3U7C" time="0.031">
  <properties/>
  <testcase name="�쓬�닔 �꽔�뿀�쓣�븣 RuntimeException" classname="com.example.calculator.StringCalculatorTest" time="0.031"/>
  <system-out><![CDATA[]]></system-out>
  <system-err><![CDATA[]]></system-err>
</testsuite>
